
display[0]: -50 
display[1]: -50 
display[2]: -50 
display[3]: -49 
display[4]: -49 
display[5]: -49 
display[6]: -49 
display[7]: -49 
display[8]: -49 
display[9]: -49 
display[10]: -48 
display[11]: -48 
display[12]: -48 
display[13]: -48 
display[14]: -48 
display[15]: -48 
display[16]: -48 
display[17]: -48 
display[18]: -47 
display[19]: -47 
display[20]: -47 
display[21]: -47 
display[22]: -47 
display[23]: -47 
display[24]: -47 
display[25]: -47 
display[26]: -47 
display[27]: -46 
display[28]: -46 
display[29]: -46 
display[30]: -46 
display[31]: -46 
display[32]: -45 
display[33]: -45 
display[34]: -45 
display[35]: -45 
display[36]: -45 
display[37]: -45 
display[38]: -45 
display[39]: -44 
display[40]: -43 
display[41]: -43 
display[42]: -42 
display[43]: -42 
display[44]: -42 
display[45]: -42 
display[46]: -42 
display[47]: -41 
display[48]: -41 
display[49]: -41 
display[50]: -41 
display[51]: -41 
display[52]: -40 
display[53]: -40 
display[54]: -40 
display[55]: -40 
display[56]: -39 
display[57]: -39 
display[58]: -39 
display[59]: -39 
display[60]: -39 
display[61]: -39 
display[62]: -38 
display[63]: -38 
display[64]: -38 
display[65]: -38 
display[66]: -38 
display[67]: -38 
display[68]: -37 
display[69]: -37 
display[70]: -37 
display[71]: -37 
display[72]: -37 
display[73]: -37 
display[74]: -37 
display[75]: -36 
display[76]: -36 
display[77]: -36 
display[78]: -36 
display[79]: -36 
display[80]: -36 
display[81]: -36 
display[82]: -36 
display[83]: -35 
display[84]: -35 
display[85]: -34 
display[86]: -34 
display[87]: -34 
display[88]: -34 
display[89]: -33 
display[90]: -33 
display[91]: -33 
display[92]: -33 
display[93]: -32 
display[94]: -32 
display[95]: -30 
display[96]: -30 
display[97]: -30 
display[98]: -30 
display[99]: -30 
display[100]: -30 
display[101]: -30 
display[102]: -29 
display[103]: -29 
display[104]: -29 
display[105]: -29 
display[106]: -29 
display[107]: -29 
display[108]: -29 
display[109]: -29 
display[110]: -28 
display[111]: -28 
display[112]: -27 
display[113]: -27 
display[114]: -27 
display[115]: -27 
display[116]: -27 
display[117]: -26 
display[118]: -26 
display[119]: -26 
display[120]: -26 
display[121]: -25 
display[122]: -25 
display[123]: -25 
display[124]: -25 
display[125]: -25 
display[126]: -24 
display[127]: -24 
display[128]: -24 
display[129]: -24 
display[130]: -24 
display[131]: -24 
display[132]: -23 
display[133]: -23 
display[134]: -23 
display[135]: -23 
display[136]: -23 
display[137]: -23 
display[138]: -22 
display[139]: -22 
display[140]: -22 
display[141]: -22 
display[142]: -22 
display[143]: -22 
display[144]: -22 
display[145]: -21 
display[146]: -21 
display[147]: -21 
display[148]: -21 
display[149]: -21 
display[150]: -21 
display[151]: -21 
display[152]: -20 
display[153]: -20 
display[154]: -20 
display[155]: -20 
display[156]: -19 
display[157]: -19 
display[158]: -19 
display[159]: -19 
display[160]: -19 
display[161]: -19 
display[162]: -18 
display[163]: -18 
display[164]: -18 
display[165]: -18 
display[166]: -18 
display[167]: -18 
display[168]: -18 
display[169]: -18 
display[170]: -17 
display[171]: -17 
display[172]: -16 
display[173]: -16 
display[174]: -16 
display[175]: -16 
display[176]: -16 
display[177]: -16 
display[178]: -16 
display[179]: -15 
display[180]: -15 
display[181]: -15 
display[182]: -14 
display[183]: -14 
display[184]: -13 
display[185]: -13 
display[186]: -13 
display[187]: -13 
display[188]: -13 
display[189]: -13 
display[190]: -13 
display[191]: -13 
display[192]: -13 
display[193]: -13 
display[194]: -12 
display[195]: -12 
display[196]: -12 
display[197]: -12 
display[198]: -11 
display[199]: -11 
display[200]: -11 
display[201]: -11 
display[202]: -11 
display[203]: -11 
display[204]: -10 
display[205]: -10 
display[206]: -10 
display[207]: -10 
display[208]: -10 
display[209]: -10 
display[210]: -10 
display[211]: -9 
display[212]: -9 
display[213]: -9 
display[214]: -9 
display[215]: -9 
display[216]: -9 
display[217]: -8 
display[218]: -8 
display[219]: -8 
display[220]: -8 
display[221]: -7 
display[222]: -7 
display[223]: -7 
display[224]: -7 
display[225]: -7 
display[226]: -7 
display[227]: -6 
display[228]: -6 
display[229]: -6 
display[230]: -6 
display[231]: -6 
display[232]: -6 
display[233]: -5 
display[234]: -5 
display[235]: -5 
display[236]: -4 
display[237]: -4 
display[238]: -4 
display[239]: -4 
display[240]: -3 
display[241]: -3 
display[242]: -3 
display[243]: -2 
display[244]: -2 
display[245]: -2 
display[246]: -2 
display[247]: -2 
display[248]: -2 
display[249]: -2 
display[250]: -1 
display[251]: -1 
display[252]: -1 
display[253]: -1 
display[254]: -1 
display[255]: 0 
display[256]: 0 
display[257]: 0 
display[258]: 0 
display[259]: 0 
display[260]: 0 
display[261]: 1 
display[262]: 1 
display[263]: 1 
display[264]: 1 
display[265]: 1 
display[266]: 2 
display[267]: 2 
display[268]: 2 
display[269]: 3 
display[270]: 3 
display[271]: 3 
display[272]: 3 
display[273]: 3 
display[274]: 3 
display[275]: 4 
display[276]: 4 
display[277]: 4 
display[278]: 4 
display[279]: 4 
display[280]: 4 
display[281]: 5 
display[282]: 5 
display[283]: 5 
display[284]: 5 
display[285]: 6 
display[286]: 6 
display[287]: 7 
display[288]: 7 
display[289]: 7 
display[290]: 7 
display[291]: 7 
display[292]: 7 
display[293]: 7 
display[294]: 7 
display[295]: 8 
display[296]: 8 
display[297]: 8 
display[298]: 8 
display[299]: 8 
display[300]: 8 
display[301]: 8 
display[302]: 10 
display[303]: 10 
display[304]: 10 
display[305]: 10 
display[306]: 11 
display[307]: 11 
display[308]: 11 
display[309]: 12 
display[310]: 12 
display[311]: 12 
display[312]: 12 
display[313]: 12 
display[314]: 13 
display[315]: 13 
display[316]: 13 
display[317]: 13 
display[318]: 13 
display[319]: 13 
display[320]: 14 
display[321]: 14 
display[322]: 14 
display[323]: 14 
display[324]: 14 
display[325]: 14 
display[326]: 14 
display[327]: 14 
display[328]: 15 
display[329]: 15 
display[330]: 15 
display[331]: 15 
display[332]: 15 
display[333]: 16 
display[334]: 16 
display[335]: 16 
display[336]: 17 
display[337]: 17 
display[338]: 17 
display[339]: 18 
display[340]: 18 
display[341]: 18 
display[342]: 18 
display[343]: 18 
display[344]: 19 
display[345]: 19 
display[346]: 19 
display[347]: 19 
display[348]: 19 
display[349]: 19 
display[350]: 19 
display[351]: 19 
display[352]: 20 
display[353]: 20 
display[354]: 20 
display[355]: 20 
display[356]: 20 
display[357]: 20 
display[358]: 20 
display[359]: 20 
display[360]: 20 
display[361]: 20 
display[362]: 20 
display[363]: 21 
display[364]: 21 
display[365]: 21 
display[366]: 22 
display[367]: 22 
display[368]: 22 
display[369]: 22 
display[370]: 22 
display[371]: 22 
display[372]: 22 
display[373]: 23 
display[374]: 23 
display[375]: 23 
display[376]: 23 
display[377]: 23 
display[378]: 24 
display[379]: 24 
display[380]: 24 
display[381]: 24 
display[382]: 24 
display[383]: 25 
display[384]: 25 
display[385]: 25 
display[386]: 25 
display[387]: 25 
display[388]: 25 
display[389]: 25 
display[390]: 25 
display[391]: 26 
display[392]: 26 
display[393]: 26 
display[394]: 26 
display[395]: 26 
display[396]: 27 
display[397]: 27 
display[398]: 27 
display[399]: 27 
display[400]: 28 
display[401]: 28 
display[402]: 28 
display[403]: 28 
display[404]: 28 
display[405]: 28 
display[406]: 29 
display[407]: 29 
display[408]: 29 
display[409]: 29 
display[410]: 30 
display[411]: 30 
display[412]: 30 
display[413]: 31 
display[414]: 32 
display[415]: 32 
display[416]: 32 
display[417]: 32 
display[418]: 33 
display[419]: 33 
display[420]: 33 
display[421]: 33 
display[422]: 33 
display[423]: 34 
display[424]: 34 
display[425]: 34 
display[426]: 34 
display[427]: 34 
display[428]: 35 
display[429]: 35 
display[430]: 35 
display[431]: 35 
display[432]: 36 
display[433]: 36 
display[434]: 36 
display[435]: 36 
display[436]: 36 
display[437]: 36 
display[438]: 36 
display[439]: 37 
display[440]: 37 
display[441]: 37 
display[442]: 38 
display[443]: 38 
display[444]: 39 
display[445]: 39 
display[446]: 39 
display[447]: 40 
display[448]: 40 
display[449]: 40 
display[450]: 41 
display[451]: 41 
display[452]: 41 
display[453]: 41 
display[454]: 42 
display[455]: 42 
display[456]: 42 
display[457]: 42 
display[458]: 42 
display[459]: 42 
display[460]: 42 
display[461]: 43 
display[462]: 43 
display[463]: 43 
display[464]: 44 
display[465]: 44 
display[466]: 44 
display[467]: 45 
display[468]: 45 
display[469]: 45 
display[470]: 45 
display[471]: 46 
display[472]: 46 
display[473]: 46 
display[474]: 47 
display[475]: 47 
display[476]: 47 
display[477]: 47 
display[478]: 47 
display[479]: 47 
display[480]: 48 
display[481]: 48 
display[482]: 48 
display[483]: 48 
display[484]: 49 
display[485]: 49 
display[486]: 49 
display[487]: 49 
display[488]: 49 
display[489]: 49 
display[490]: 50 
display[491]: 50 
display[492]: 50 
display[493]: 50 
display[494]: 50 
display[495]: 50 
display[496]: 50 
display[497]: 50 
display[498]: 50 
display[499]: 50 
display[500]: 50055 
display[501]: 50230 
display[502]: 50253 
display[503]: 50262 
display[504]: 50490 
display[505]: 50649 
display[506]: 50663 
display[507]: 50712 
display[508]: 50866 
display[509]: 51239 
display[510]: 51293 
display[511]: 51361 
display[512]: 51378 
display[513]: 51409 
display[514]: 51525 
display[515]: 51582 
display[516]: 51599 
display[517]: 52001 
display[518]: 52019 
display[519]: 52081 
display[520]: 52274 
display[521]: 52667 
display[522]: 52947 
display[523]: 52974 
display[524]: 53158 
display[525]: 53182 
display[526]: 53259 
display[527]: 53416 
display[528]: 53626 
display[529]: 54084 
display[530]: 54221 
display[531]: 54390 
display[532]: 54439 
display[533]: 54471 
display[534]: 54492 
display[535]: 54571 
display[536]: 54647 
display[537]: 54689 
display[538]: 54740 
display[539]: 54753 
display[540]: 54811 
display[541]: 54907 
display[542]: 54923 
display[543]: 54927 
display[544]: 55053 
display[545]: 55374 
display[546]: 55486 
display[547]: 55568 
display[548]: 55848 
display[549]: 55924 
display[550]: 56098 
display[551]: 56241 
display[552]: 56463 
display[553]: 56551 
display[554]: 56614 
display[555]: 56622 
display[556]: 56972 
display[557]: 57004 
display[558]: 57087 
display[559]: 57411 
display[560]: 57591 
display[561]: 57737 
display[562]: 57737 
display[563]: 57739 
display[564]: 57811 
display[565]: 57982 
display[566]: 58076 
display[567]: 58119 
display[568]: 58200 
display[569]: 58277 
display[570]: 58279 
display[571]: 58951 
display[572]: 59050 
display[573]: 59062 
display[574]: 59076 
display[575]: 59084 
display[576]: 59117 
display[577]: 59275 
display[578]: 59285 
display[579]: 59711 
display[580]: 59726 
display[581]: 59801 
display[582]: 59966 
display[583]: 60104 
display[584]: 60209 
display[585]: 60229 
display[586]: 60347 
display[587]: 60450 
display[588]: 60592 
display[589]: 60651 
display[590]: 60756 
display[591]: 60797 
display[592]: 60800 
display[593]: 60825 
display[594]: 60854 
display[595]: 61008 
display[596]: 61046 
display[597]: 61116 
display[598]: 61161 
display[599]: 61240 
display[600]: 61283 
display[601]: 61295 
display[602]: 61317 
display[603]: 61328 
display[604]: 61353 
display[605]: 61552 
display[606]: 61637 
display[607]: 61675 
display[608]: 61675 
display[609]: 61768 
display[610]: 62239 
display[611]: 62441 
display[612]: 62445 
display[613]: 62934 
display[614]: 63033 
display[615]: 63136 
display[616]: 63359 
display[617]: 63363 
display[618]: 63423 
display[619]: 63463 
display[620]: 63512 
display[621]: 63540 
display[622]: 63548 
display[623]: 63612 
display[624]: 63689 
display[625]: 63693 
display[626]: 63894 
display[627]: 64192 
display[628]: 64261 
display[629]: 64383 
display[630]: 64553 
display[631]: 64569 
display[632]: 64749 
display[633]: 64793 
display[634]: 64917 
display[635]: 65211 
display[636]: 65284 
display[637]: 65304 
display[638]: 65547 
display[639]: 65622 
display[640]: 65760 
display[641]: 65793 
display[642]: 65875 
display[643]: 66005 
display[644]: 66206 
display[645]: 66228 
display[646]: 66267 
display[647]: 66280 
display[648]: 66398 
display[649]: 66423 
display[650]: 66441 
display[651]: 66553 
display[652]: 66723 
display[653]: 66906 
display[654]: 66958 
display[655]: 66981 
display[656]: 66996 
display[657]: 67008 
display[658]: 67065 
display[659]: 67169 
display[660]: 67339 
display[661]: 67532 
display[662]: 67567 
display[663]: 67633 
display[664]: 67635 
display[665]: 67679 
display[666]: 67711 
display[667]: 67748 
display[668]: 67906 
display[669]: 67994 
display[670]: 68037 
display[671]: 68074 
display[672]: 68147 
display[673]: 68194 
display[674]: 68197 
display[675]: 68615 
display[676]: 68663 
display[677]: 69059 
display[678]: 69063 
display[679]: 69234 
display[680]: 69364 
display[681]: 69425 
display[682]: 69456 
display[683]: 69576 
display[684]: 69590 
display[685]: 69632 
display[686]: 69901 
display[687]: 69949 
display[688]: 69975 
display[689]: 70010 
display[690]: 70020 
display[691]: 70029 
display[692]: 70300 
display[693]: 70390 
display[694]: 70398 
display[695]: 70434 
display[696]: 70511 
display[697]: 70713 
display[698]: 70744 
display[699]: 70790 
display[700]: 70957 
display[701]: 71061 
display[702]: 71213 
display[703]: 71329 
display[704]: 71501 
display[705]: 71603 
display[706]: 71885 
display[707]: 72020 
display[708]: 72082 
display[709]: 72195 
display[710]: 72240 
display[711]: 72442 
display[712]: 72805 
display[713]: 72901 
display[714]: 72951 
display[715]: 73261 
display[716]: 73276 
display[717]: 73321 
display[718]: 73384 
display[719]: 73393 
display[720]: 73539 
display[721]: 73555 
display[722]: 73664 
display[723]: 74130 
display[724]: 74162 
display[725]: 74354 
display[726]: 74492 
display[727]: 74720 
display[728]: 74743 
display[729]: 74765 
display[730]: 74828 
display[731]: 75057 
display[732]: 75060 
display[733]: 75117 
display[734]: 75164 
display[735]: 75504 
display[736]: 75726 
display[737]: 75795 
display[738]: 75933 
display[739]: 76018 
display[740]: 76033 
display[741]: 76038 
display[742]: 76070 
display[743]: 76175 
display[744]: 76195 
display[745]: 76195 
display[746]: 76263 
display[747]: 76285 
display[748]: 76340 
display[749]: 76384 
display[750]: 76558 
display[751]: 76673 
display[752]: 76753 
display[753]: 76801 
display[754]: 76944 
display[755]: 77016 
display[756]: 77307 
display[757]: 77522 
display[758]: 77695 
display[759]: 77909 
display[760]: 77967 
display[761]: 78191 
display[762]: 78263 
display[763]: 78296 
display[764]: 78353 
display[765]: 78371 
display[766]: 78650 
display[767]: 78713 
display[768]: 78725 
display[769]: 78755 
display[770]: 78796 
display[771]: 78880 
display[772]: 78985 
display[773]: 78987 
display[774]: 78998 
display[775]: 79070 
display[776]: 79167 
display[777]: 79255 
display[778]: 79274 
display[779]: 79451 
display[780]: 79461 
display[781]: 79479 
display[782]: 79708 
display[783]: 80106 
display[784]: 80250 
display[785]: 80282 
display[786]: 80459 
display[787]: 80612 
display[788]: 80666 
display[789]: 80725 
display[790]: 81380 
display[791]: 81694 
display[792]: 81755 
display[793]: 81836 
display[794]: 81850 
display[795]: 81979 
display[796]: 82165 
display[797]: 82263 
display[798]: 82267 
display[799]: 82289 
display[800]: 82326 
display[801]: 82404 
display[802]: 82441 
display[803]: 82442 
display[804]: 82445 
display[805]: 82792 
display[806]: 82826 
display[807]: 82861 
display[808]: 82966 
display[809]: 83237 
display[810]: 83375 
display[811]: 83441 
display[812]: 83444 
display[813]: 83486 
display[814]: 83522 
display[815]: 83530 
display[816]: 83534 
display[817]: 83682 
display[818]: 83708 
display[819]: 83754 
display[820]: 83876 
display[821]: 84288 
display[822]: 84352 
display[823]: 84484 
display[824]: 84510 
display[825]: 84609 
display[826]: 84626 
display[827]: 84628 
display[828]: 84638 
display[829]: 84648 
display[830]: 84796 
display[831]: 84999 
display[832]: 85225 
display[833]: 85262 
display[834]: 85343 
display[835]: 85479 
display[836]: 85542 
display[837]: 85666 
display[838]: 85667 
display[839]: 85735 
display[840]: 85741 
display[841]: 85749 
display[842]: 85996 
display[843]: 86123 
display[844]: 86196 
display[845]: 86238 
display[846]: 86453 
display[847]: 86496 
display[848]: 86546 
display[849]: 86659 
display[850]: 86726 
display[851]: 86768 
display[852]: 86967 
display[853]: 87310 
display[854]: 87323 
display[855]: 87391 
display[856]: 87395 
display[857]: 87436 
display[858]: 87448 
display[859]: 87524 
display[860]: 87950 
display[861]: 87954 
display[862]: 87968 
display[863]: 88015 
display[864]: 88104 
display[865]: 88301 
display[866]: 88386 
display[867]: 88707 
display[868]: 88898 
display[869]: 88966 
display[870]: 89158 
display[871]: 89201 
display[872]: 89366 
display[873]: 89376 
display[874]: 89445 
display[875]: 89648 
display[876]: 89679 
display[877]: 89690 
display[878]: 89721 
display[879]: 89731 
display[880]: 89955 
display[881]: 89973 
display[882]: 90003 
display[883]: 90061 
display[884]: 90137 
display[885]: 90185 
display[886]: 90189 
display[887]: 90429 
display[888]: 90634 
display[889]: 90738 
display[890]: 90789 
display[891]: 90793 
display[892]: 90863 
display[893]: 91018 
display[894]: 91125 
display[895]: 91186 
display[896]: 91239 
display[897]: 91266 
display[898]: 91532 
display[899]: 91640 
display[900]: 91650 
display[901]: 91679 
display[902]: 91744 
display[903]: 91884 
display[904]: 91966 
display[905]: 92289 
display[906]: 92363 
display[907]: 92365 
display[908]: 92445 
display[909]: 92516 
display[910]: 92522 
display[911]: 92558 
display[912]: 92799 
display[913]: 92821 
display[914]: 93046 
display[915]: 93174 
display[916]: 93235 
display[917]: 93287 
display[918]: 93308 
display[919]: 93445 
display[920]: 93597 
display[921]: 93763 
display[922]: 93833 
display[923]: 94053 
display[924]: 94165 
display[925]: 94385 
display[926]: 94469 
display[927]: 94656 
display[928]: 94671 
display[929]: 94700 
display[930]: 94780 
display[931]: 94788 
display[932]: 94795 
display[933]: 94894 
display[934]: 94991 
display[935]: 94998 
display[936]: 95019 
display[937]: 95148 
display[938]: 95193 
display[939]: 95249 
display[940]: 95331 
display[941]: 95387 
display[942]: 95392 
display[943]: 95822 
display[944]: 95842 
display[945]: 95901 
display[946]: 95958 
display[947]: 95959 
display[948]: 96064 
display[949]: 96132 
display[950]: 96313 
display[951]: 96400 
display[952]: 96486 
display[953]: 96546 
display[954]: 96670 
display[955]: 96717 
display[956]: 96755 
display[957]: 96846 
display[958]: 96907 
display[959]: 96927 
display[960]: 96999 
display[961]: 97052 
display[962]: 97065 
display[963]: 97086 
display[964]: 97159 
display[965]: 97270 
display[966]: 97335 
display[967]: 97358 
display[968]: 97445 
display[969]: 97468 
display[970]: 97724 
display[971]: 97726 
display[972]: 97735 
display[973]: 97786 
display[974]: 97834 
display[975]: 97915 
display[976]: 97934 
display[977]: 97993 
display[978]: 98092 
display[979]: 98174 
display[980]: 98261 
display[981]: 98282 
display[982]: 98293 
display[983]: 98402 
display[984]: 98486 
display[985]: 98800 
display[986]: 98807 
display[987]: 98874 
display[988]: 98901 
display[989]: 98972 
display[990]: 99071 
display[991]: 99124 
display[992]: 99199 
display[993]: 99242 
display[994]: 99311 
display[995]: 99638 
display[996]: 99659 
display[997]: 99716 
display[998]: 99877 
display[999]: 99911 
